vmanager: *I,MERGL1: Preparing icc target model ...
vmanager: *I,MERGL1: Doing model union ...
vmanager: *I,MERGL2:   With primary run (/home/grads/j/jashwanth45/616/lab-10-Jashwanth2599/lab10/sim/regression/htax_regress.jashwanth45.23_12_04_20_22_01_6416/model_dir): /home/grads/j/jashwanth45/616/lab-10-Jashwanth2599/lab10/sim/regression/htax_regress.jashwanth45.23_12_04_20_22_01_6416/model_dir/icc_4e8e3c4e_1908ec17.ucm
vmanager: *I,MERGL1: Target model generated successfully.
vmanager: *I,MERGL1: Projecting data into the target model ...
vmanager: *I,MERGL2:   /home/grads/j/jashwanth45/616/lab-10-Jashwanth2599/lab10/sim/regression/htax_regress.jashwanth45.23_12_04_20_22_01_6416/chain_0/all_test/run_1/cov_work/scope/test_sv-778961510:
vmanager: *I,MERGL3:       Data is projected in to the target model.
vmanager: *I,MERGL2:   /home/grads/j/jashwanth45/616/lab-10-Jashwanth2599/lab10/sim/regression/htax_regress.jashwanth45.23_12_04_20_22_01_6416/chain_0/all_test/run_2/cov_work/scope/test_sv630310281:
vmanager: *I,MERGL3:       Data is projected in to the target model.
vmanager: *I,MERGL2:   /home/grads/j/jashwanth45/616/lab-10-Jashwanth2599/lab10/sim/regression/htax_regress.jashwanth45.23_12_04_20_22_01_6416/chain_0/all_test/run_3/cov_work/scope/test_sv1032939169:
vmanager: *I,MERGL3:       Data is projected in to the target model.
vmanager: *I,MERGL2:   /home/grads/j/jashwanth45/616/lab-10-Jashwanth2599/lab10/sim/regression/htax_regress.jashwanth45.23_12_04_20_22_01_6416/chain_0/all_test/run_4/cov_work/scope/test_sv1804689160:
vmanager: *I,MERGL3:       Data is projected in to the target model.
vmanager: *I,MERGL2:   /home/grads/j/jashwanth45/616/lab-10-Jashwanth2599/lab10/sim/regression/htax_regress.jashwanth45.23_12_04_20_22_01_6416/chain_0/all_test/run_5/cov_work/scope/test_sv-141478960:
vmanager: *I,MERGL3:       Data is projected in to the target model.
vmanager: *I,MERGL2:   /home/grads/j/jashwanth45/616/lab-10-Jashwanth2599/lab10/sim/regression/htax_regress.jashwanth45.23_12_04_20_22_01_6416/chain_0/all_test/run_6/cov_work/scope/test_sv542191067:
vmanager: *I,MERGL3:       Data is projected in to the target model.
vmanager: *I,MERGL2:   /home/grads/j/jashwanth45/616/lab-10-Jashwanth2599/lab10/sim/regression/htax_regress.jashwanth45.23_12_04_20_22_01_6416/chain_0/all_test/run_7/cov_work/scope/test_sv-934209437:
vmanager: *I,MERGL3:       Data is projected in to the target model.
vmanager: *I,MERGL2:   /home/grads/j/jashwanth45/616/lab-10-Jashwanth2599/lab10/sim/regression/htax_regress.jashwanth45.23_12_04_20_22_01_6416/chain_0/all_test/run_8/cov_work/scope/test_sv609350863:
vmanager: *I,MERGL3:       Data is projected in to the target model.
vmanager: *I,MERGL2:   /home/grads/j/jashwanth45/616/lab-10-Jashwanth2599/lab10/sim/regression/htax_regress.jashwanth45.23_12_04_20_22_01_6416/chain_0/all_test/run_9/cov_work/scope/test_sv-1403919874:
vmanager: *I,MERGL3:       Data is projected in to the target model.
vmanager: *I,MERGL2:   /home/grads/j/jashwanth45/616/lab-10-Jashwanth2599/lab10/sim/regression/htax_regress.jashwanth45.23_12_04_20_22_01_6416/chain_0/all_test/run_10/cov_work/scope/test_sv-497955324:
vmanager: *I,MERGL3:       Data is projected in to the target model.
vmanager: *I,MERGL2:   /home/grads/j/jashwanth45/616/lab-10-Jashwanth2599/lab10/sim/regression/htax_regress.jashwanth45.23_12_04_20_22_01_6416/chain_0/all_test/run_11/cov_work/scope/test_sv-1169071261:
vmanager: *I,MERGL3:       Data is projected in to the target model.
vmanager: *I,MERGL2:   /home/grads/j/jashwanth45/616/lab-10-Jashwanth2599/lab10/sim/regression/htax_regress.jashwanth45.23_12_04_20_22_01_6416/chain_0/all_test/run_12/cov_work/scope/test_sv-296661816:
vmanager: *I,MERGL3:       Data is projected in to the target model.
vmanager: *I,MERGL2:   /home/grads/j/jashwanth45/616/lab-10-Jashwanth2599/lab10/sim/regression/htax_regress.jashwanth45.23_12_04_20_22_01_6416/chain_0/all_test/run_13/cov_work/scope/test_sv-1320080595:
vmanager: *I,MERGL3:       Data is projected in to the target model.
vmanager: *I,MERGL2:   /home/grads/j/jashwanth45/616/lab-10-Jashwanth2599/lab10/sim/regression/htax_regress.jashwanth45.23_12_04_20_22_01_6416/chain_0/all_test/run_14/cov_work/scope/test_sv626128229:
vmanager: *I,MERGL3:       Data is projected in to the target model.
vmanager: *I,MERGL2:   /home/grads/j/jashwanth45/616/lab-10-Jashwanth2599/lab10/sim/regression/htax_regress.jashwanth45.23_12_04_20_22_01_6416/chain_0/all_test/run_15/cov_work/scope/test_sv-1387146201:
vmanager: *I,MERGL3:       Data is projected in to the target model.
vmanager: *I,MERGL2:   /home/grads/j/jashwanth45/616/lab-10-Jashwanth2599/lab10/sim/regression/htax_regress.jashwanth45.23_12_04_20_22_01_6416/chain_0/all_test/run_16/cov_work/scope/test_sv1397868908:
vmanager: *I,MERGL3:       Data is projected in to the target model.
vmanager: *I,MERGL2:   /home/grads/j/jashwanth45/616/lab-10-Jashwanth2599/lab10/sim/regression/htax_regress.jashwanth45.23_12_04_20_22_01_6416/chain_0/all_test/run_17/cov_work/scope/test_sv-78555745:
vmanager: *I,MERGL3:       Data is projected in to the target model.
vmanager: *I,MERGL2:   /home/grads/j/jashwanth45/616/lab-10-Jashwanth2599/lab10/sim/regression/htax_regress.jashwanth45.23_12_04_20_22_01_6416/chain_0/all_test/run_18/cov_work/scope/test_sv1330721005:
vmanager: *I,MERGL3:       Data is projected in to the target model.
vmanager: *I,MERGL2:   /home/grads/j/jashwanth45/616/lab-10-Jashwanth2599/lab10/sim/regression/htax_regress.jashwanth45.23_12_04_20_22_01_6416/chain_0/all_test/run_19/cov_work/scope/test_sv1624311663:
vmanager: *I,MERGL3:       Data is projected in to the target model.
vmanager: *I,MERGL2:   /home/grads/j/jashwanth45/616/lab-10-Jashwanth2599/lab10/sim/regression/htax_regress.jashwanth45.23_12_04_20_22_01_6416/chain_0/all_test/run_20/cov_work/scope/test_sv953280286:
vmanager: *I,MERGL3:       Data is projected in to the target model.
vmanager: *I,MERGL2:   /home/grads/j/jashwanth45/616/lab-10-Jashwanth2599/lab10/sim/regression/htax_regress.jashwanth45.23_12_04_20_22_01_6416/chain_0/all_test/run_21/cov_work/scope/test_sv1825688668:
vmanager: *I,MERGL3:       Data is projected in to the target model.
vmanager: *I,MERGL2:   /home/grads/j/jashwanth45/616/lab-10-Jashwanth2599/lab10/sim/regression/htax_regress.jashwanth45.23_12_04_20_22_01_6416/chain_0/all_test/run_22/cov_work/scope/test_sv852583243:
vmanager: *I,MERGL3:       Data is projected in to the target model.
vmanager: *I,MERGL2:   /home/grads/j/jashwanth45/616/lab-10-Jashwanth2599/lab10/sim/regression/htax_regress.jashwanth45.23_12_04_20_22_01_6416/chain_0/all_test/run_23/cov_work/scope/test_sv1188122018:
vmanager: *I,MERGL3:       Data is projected in to the target model.
vmanager: *I,MERGL2:   /home/grads/j/jashwanth45/616/lab-10-Jashwanth2599/lab10/sim/regression/htax_regress.jashwanth45.23_12_04_20_22_01_6416/chain_0/all_test/run_24/cov_work/scope/test_sv1859196227:
vmanager: *I,MERGL3:       Data is projected in to the target model.
vmanager: *I,MERGL2:   /home/grads/j/jashwanth45/616/lab-10-Jashwanth2599/lab10/sim/regression/htax_regress.jashwanth45.23_12_04_20_22_01_6416/chain_0/all_test/run_25/cov_work/scope/test_sv-506332209:
vmanager: *I,MERGL3:       Data is projected in to the target model.
vmanager: *I,MERGL2:   /home/grads/j/jashwanth45/616/lab-10-Jashwanth2599/lab10/sim/regression/htax_regress.jashwanth45.23_12_04_20_22_01_6416/chain_0/all_test/run_26/cov_work/scope/test_sv2043790448:
vmanager: *I,MERGL3:       Data is projected in to the target model.
vmanager: *I,MERGL2:   /home/grads/j/jashwanth45/616/lab-10-Jashwanth2599/lab10/sim/regression/htax_regress.jashwanth45.23_12_04_20_22_01_6416/chain_0/all_test/run_27/cov_work/scope/test_sv-841913442:
vmanager: *I,MERGL3:       Data is projected in to the target model.
vmanager: *I,MERGL2:   /home/grads/j/jashwanth45/616/lab-10-Jashwanth2599/lab10/sim/regression/htax_regress.jashwanth45.23_12_04_20_22_01_6416/chain_0/all_test/run_28/cov_work/scope/test_sv1406220040:
vmanager: *I,MERGL3:       Data is projected in to the target model.
vmanager: *I,MERGL2:   /home/grads/j/jashwanth45/616/lab-10-Jashwanth2599/lab10/sim/regression/htax_regress.jashwanth45.23_12_04_20_22_01_6416/chain_0/all_test/run_29/cov_work/scope/test_sv1003560572:
vmanager: *I,MERGL3:       Data is projected in to the target model.
vmanager: *I,MERGL2:   /home/grads/j/jashwanth45/616/lab-10-Jashwanth2599/lab10/sim/regression/htax_regress.jashwanth45.23_12_04_20_22_01_6416/chain_0/all_test/run_30/cov_work/scope/test_sv1339155233:
vmanager: *I,MERGL3:       Data is projected in to the target model.
vmanager: *I,MERGL2:   /home/grads/j/jashwanth45/616/lab-10-Jashwanth2599/lab10/sim/regression/htax_regress.jashwanth45.23_12_04_20_22_01_6416/chain_0/all_test/run_31/cov_work/scope/test_sv-1607348915:
vmanager: *I,MERGL3:       Data is projected in to the target model.
vmanager: *I,MERGL2:   /home/grads/j/jashwanth45/616/lab-10-Jashwanth2599/lab10/sim/regression/htax_regress.jashwanth45.23_12_04_20_22_01_6416/chain_0/all_test/run_32/cov_work/scope/test_sv-1473161645:
vmanager: *I,MERGL3:       Data is projected in to the target model.
vmanager: *I,MERGL2:   /home/grads/j/jashwanth45/616/lab-10-Jashwanth2599/lab10/sim/regression/htax_regress.jashwanth45.23_12_04_20_22_01_6416/chain_0/all_test/run_33/cov_work/scope/test_sv-1808715384:
vmanager: *I,MERGL3:       Data is projected in to the target model.
vmanager: *I,MERGL2:   /home/grads/j/jashwanth45/616/lab-10-Jashwanth2599/lab10/sim/regression/htax_regress.jashwanth45.23_12_04_20_22_01_6416/chain_0/all_test/run_34/cov_work/scope/test_sv1546716878:
vmanager: *I,MERGL3:       Data is projected in to the target model.
vmanager: *I,MERGL2:   /home/grads/j/jashwanth45/616/lab-10-Jashwanth2599/lab10/sim/regression/htax_regress.jashwanth45.23_12_04_20_22_01_6416/chain_0/all_test/run_35/cov_work/scope/test_sv-1305352520:
vmanager: *I,MERGL3:       Data is projected in to the target model.
vmanager: *I,MERGL2:   /home/grads/j/jashwanth45/616/lab-10-Jashwanth2599/lab10/sim/regression/htax_regress.jashwanth45.23_12_04_20_22_01_6416/chain_0/all_test/run_36/cov_work/scope/test_sv1177669610:
vmanager: *I,MERGL3:       Data is projected in to the target model.
vmanager: *I,MERGL2:   /home/grads/j/jashwanth45/616/lab-10-Jashwanth2599/lab10/sim/regression/htax_regress.jashwanth45.23_12_04_20_22_01_6416/chain_0/all_test/run_37/cov_work/scope/test_sv-1372493723:
vmanager: *I,MERGL3:       Data is projected in to the target model.
vmanager: *I,MERGL2:   /home/grads/j/jashwanth45/616/lab-10-Jashwanth2599/lab10/sim/regression/htax_regress.jashwanth45.23_12_04_20_22_01_6416/chain_0/all_test/run_38/cov_work/scope/test_sv1362181537:
vmanager: *I,MERGL3:       Data is projected in to the target model.
vmanager: *I,MERGL2:   /home/grads/j/jashwanth45/616/lab-10-Jashwanth2599/lab10/sim/regression/htax_regress.jashwanth45.23_12_04_20_22_01_6416/chain_0/all_test/run_39/cov_work/scope/test_sv-114225626:
vmanager: *I,MERGL3:       Data is projected in to the target model.
vmanager: *I,MERGL2:   /home/grads/j/jashwanth45/616/lab-10-Jashwanth2599/lab10/sim/regression/htax_regress.jashwanth45.23_12_04_20_22_01_6416/chain_0/all_test/run_40/cov_work/scope/test_sv1295115244:
vmanager: *I,MERGL3:       Data is projected in to the target model.
vmanager: *I,MERGL2:   /home/grads/j/jashwanth45/616/lab-10-Jashwanth2599/lab10/sim/regression/htax_regress.jashwanth45.23_12_04_20_22_01_6416/chain_0/all_test/run_41/cov_work/scope/test_sv-1020146384:
vmanager: *I,MERGL3:       Data is projected in to the target model.
vmanager: *I,MERGL2:   /home/grads/j/jashwanth45/616/lab-10-Jashwanth2599/lab10/sim/regression/htax_regress.jashwanth45.23_12_04_20_22_01_6416/chain_0/all_test/run_42/cov_work/scope/test_sv456221533:
vmanager: *I,MERGL3:       Data is projected in to the target model.
vmanager: *I,MERGL2:   /home/grads/j/jashwanth45/616/lab-10-Jashwanth2599/lab10/sim/regression/htax_regress.jashwanth45.23_12_04_20_22_01_6416/chain_0/all_test/run_43/cov_work/scope/test_sv-1221509119:
vmanager: *I,MERGL3:       Data is projected in to the target model.
vmanager: *I,MERGL2:   /home/grads/j/jashwanth45/616/lab-10-Jashwanth2599/lab10/sim/regression/htax_regress.jashwanth45.23_12_04_20_22_01_6416/chain_0/all_test/run_44/cov_work/scope/test_sv1085350609:
vmanager: *I,MERGL3:       Data is projected in to the target model.
vmanager: *I,MERGL2:   /home/grads/j/jashwanth45/616/lab-10-Jashwanth2599/lab10/sim/regression/htax_regress.jashwanth45.23_12_04_20_22_01_6416/chain_0/all_test/run_45/cov_work/scope/test_sv-1464731932:
vmanager: *I,MERGL3:       Data is projected in to the target model.
vmanager: *I,MERGL2:   /home/grads/j/jashwanth45/616/lab-10-Jashwanth2599/lab10/sim/regression/htax_regress.jashwanth45.23_12_04_20_22_01_6416/chain_0/all_test/run_46/cov_work/scope/test_sv-1263408495:
vmanager: *I,MERGL3:       Data is projected in to the target model.
vmanager: *I,MERGL2:   /home/grads/j/jashwanth45/616/lab-10-Jashwanth2599/lab10/sim/regression/htax_regress.jashwanth45.23_12_04_20_22_01_6416/chain_0/all_test/run_47/cov_work/scope/test_sv-1028558838:
vmanager: *I,MERGL3:       Data is projected in to the target model.
vmanager: *I,MERGL2:   /home/grads/j/jashwanth45/616/lab-10-Jashwanth2599/lab10/sim/regression/htax_regress.jashwanth45.23_12_04_20_22_01_6416/chain_0/all_test/run_48/cov_work/scope/test_sv447831930:
vmanager: *I,MERGL3:       Data is projected in to the target model.
vmanager: *I,MERGL2:   /home/grads/j/jashwanth45/616/lab-10-Jashwanth2599/lab10/sim/regression/htax_regress.jashwanth45.23_12_04_20_22_01_6416/chain_0/all_test/run_49/cov_work/scope/test_sv917582104:
vmanager: *I,MERGL3:       Data is projected in to the target model.
vmanager: *I,MERGL2:   /home/grads/j/jashwanth45/616/lab-10-Jashwanth2599/lab10/sim/regression/htax_regress.jashwanth45.23_12_04_20_22_01_6416/chain_0/all_test/run_50/cov_work/scope/test_sv1102120528:
vmanager: *I,MERGL3:       Data is projected in to the target model.
vmanager: *I,MERGL2:   /home/grads/j/jashwanth45/616/lab-10-Jashwanth2599/lab10/sim/regression/htax_regress.jashwanth45.23_12_04_20_22_01_6416/chain_0/all_test/run_51/cov_work/scope/test_sv-1716394669:
vmanager: *I,MERGL3:       Data is projected in to the target model.
vmanager: *I,MERGL2:   /home/grads/j/jashwanth45/616/lab-10-Jashwanth2599/lab10/sim/regression/htax_regress.jashwanth45.23_12_04_20_22_01_6416/chain_0/all_test/run_52/cov_work/scope/test_sv229756689:
vmanager: *I,MERGL3:       Data is projected in to the target model.
vmanager: *I,MERGL2:   /home/grads/j/jashwanth45/616/lab-10-Jashwanth2599/lab10/sim/regression/htax_regress.jashwanth45.23_12_04_20_22_01_6416/chain_0/all_test/run_53/cov_work/scope/test_sv-1548655106:
vmanager: *I,MERGL3:       Data is projected in to the target model.
vmanager: *I,MERGL2:   /home/grads/j/jashwanth45/616/lab-10-Jashwanth2599/lab10/sim/regression/htax_regress.jashwanth45.23_12_04_20_22_01_6416/chain_0/all_test/run_54/cov_work/scope/test_sv-609133243:
vmanager: *I,MERGL3:       Data is projected in to the target model.
vmanager: *I,MERGL2:   /home/grads/j/jashwanth45/616/lab-10-Jashwanth2599/lab10/sim/regression/htax_regress.jashwanth45.23_12_04_20_22_01_6416/chain_0/all_test/run_55/cov_work/scope/test_sv263272959:
vmanager: *I,MERGL3:       Data is projected in to the target model.
vmanager: *I,MERGL2:   /home/grads/j/jashwanth45/616/lab-10-Jashwanth2599/lab10/sim/regression/htax_regress.jashwanth45.23_12_04_20_22_01_6416/chain_0/all_test/run_56/cov_work/scope/test_sv544280905:
vmanager: *I,MERGL3:       Data is projected in to the target model.
vmanager: *I,MERGL2:   /home/grads/j/jashwanth45/616/lab-10-Jashwanth2599/lab10/sim/regression/htax_regress.jashwanth45.23_12_04_20_22_01_6416/chain_0/all_test/run_58/cov_work/scope/test_sv-730733515:
vmanager: *I,MERGL3:       Data is projected in to the target model.
vmanager: *I,MERGL2:   /home/grads/j/jashwanth45/616/lab-10-Jashwanth2599/lab10/sim/regression/htax_regress.jashwanth45.23_12_04_20_22_01_6416/chain_0/all_test/run_59/cov_work/scope/test_sv41013643:
vmanager: *I,MERGL3:       Data is projected in to the target model.
vmanager: *I,MERGL2:   /home/grads/j/jashwanth45/616/lab-10-Jashwanth2599/lab10/sim/regression/htax_regress.jashwanth45.23_12_04_20_22_01_6416/chain_0/all_test/run_60/cov_work/scope/test_sv-1972276596:
vmanager: *I,MERGL3:       Data is projected in to the target model.
vmanager: *I,MERGL2:   /home/grads/j/jashwanth45/616/lab-10-Jashwanth2599/lab10/sim/regression/htax_regress.jashwanth45.23_12_04_20_22_01_6416/chain_0/all_test/run_61/cov_work/scope/test_sv108097042:
vmanager: *I,MERGL3:       Data is projected in to the target model.
vmanager: *I,MERGL2:   /home/grads/j/jashwanth45/616/lab-10-Jashwanth2599/lab10/sim/regression/htax_regress.jashwanth45.23_12_04_20_22_01_6416/chain_0/all_test/run_62/cov_work/scope/test_sv-831437339:
vmanager: *I,MERGL3:       Data is projected in to the target model.
vmanager: *I,MERGL2:   /home/grads/j/jashwanth45/616/lab-10-Jashwanth2599/lab10/sim/regression/htax_regress.jashwanth45.23_12_04_20_22_01_6416/chain_0/all_test/run_63/cov_work/scope/test_sv1634804869:
vmanager: *I,MERGL3:       Data is projected in to the target model.
vmanager: *I,MERGL2:   /home/grads/j/jashwanth45/616/lab-10-Jashwanth2599/lab10/sim/regression/htax_regress.jashwanth45.23_12_04_20_22_01_6416/chain_0/all_test/run_64/cov_work/scope/test_sv1769020356:
vmanager: *I,MERGL3:       Data is projected in to the target model.
vmanager: *I,MERGL2:   /home/grads/j/jashwanth45/616/lab-10-Jashwanth2599/lab10/sim/regression/htax_regress.jashwanth45.23_12_04_20_22_01_6416/chain_0/all_test/run_65/cov_work/scope/test_sv-1787694074:
vmanager: *I,MERGL3:       Data is projected in to the target model.
vmanager: *I,MERGL2:   /home/grads/j/jashwanth45/616/lab-10-Jashwanth2599/lab10/sim/regression/htax_regress.jashwanth45.23_12_04_20_22_01_6416/chain_0/all_test/run_66/cov_work/scope/test_sv-579736202:
vmanager: *I,MERGL3:       Data is projected in to the target model.
vmanager: *I,MERGL2:   /home/grads/j/jashwanth45/616/lab-10-Jashwanth2599/lab10/sim/regression/htax_regress.jashwanth45.23_12_04_20_22_01_6416/chain_0/all_test/run_67/cov_work/scope/test_sv863093484:
vmanager: *I,MERGL3:       Data is projected in to the target model.
vmanager: *I,MERGL2:   /home/grads/j/jashwanth45/616/lab-10-Jashwanth2599/lab10/sim/regression/htax_regress.jashwanth45.23_12_04_20_22_01_6416/chain_0/all_test/run_68/cov_work/scope/test_sv-613319376:
vmanager: *I,MERGL3:       Data is projected in to the target model.
vmanager: *I,MERGL2:   /home/grads/j/jashwanth45/616/lab-10-Jashwanth2599/lab10/sim/regression/htax_regress.jashwanth45.23_12_04_20_22_01_6416/chain_0/all_test/run_69/cov_work/scope/test_sv930173825:
vmanager: *I,MERGL3:       Data is projected in to the target model.
vmanager: *I,MERGL2:   /home/grads/j/jashwanth45/616/lab-10-Jashwanth2599/lab10/sim/regression/htax_regress.jashwanth45.23_12_04_20_22_01_6416/chain_0/all_test/run_70/cov_work/scope/test_sv-9352435:
vmanager: *I,MERGL3:       Data is projected in to the target model.
vmanager: *I,MERGL2:   /home/grads/j/jashwanth45/616/lab-10-Jashwanth2599/lab10/sim/regression/htax_regress.jashwanth45.23_12_04_20_22_01_6416/chain_0/all_test/run_71/cov_work/scope/test_sv686888457:
vmanager: *I,MERGL3:       Data is projected in to the target model.
vmanager: *I,MERGL2:   /home/grads/j/jashwanth45/616/lab-10-Jashwanth2599/lab10/sim/regression/htax_regress.jashwanth45.23_12_04_20_22_01_6416/chain_0/all_test/run_72/cov_work/scope/test_sv-453964339:
vmanager: *I,MERGL3:       Data is projected in to the target model.
vmanager: *I,MERGL2:   /home/grads/j/jashwanth45/616/lab-10-Jashwanth2599/lab10/sim/regression/htax_regress.jashwanth45.23_12_04_20_22_01_6416/chain_0/all_test/run_73/cov_work/scope/test_sv485616854:
vmanager: *I,MERGL3:       Data is projected in to the target model.
vmanager: *I,MERGL2:   /home/grads/j/jashwanth45/616/lab-10-Jashwanth2599/lab10/sim/regression/htax_regress.jashwanth45.23_12_04_20_22_01_6416/chain_0/all_test/run_74/cov_work/scope/test_sv317837030:
vmanager: *I,MERGL3:       Data is projected in to the target model.
vmanager: *I,MERGL2:   /home/grads/j/jashwanth45/616/lab-10-Jashwanth2599/lab10/sim/regression/htax_regress.jashwanth45.23_12_04_20_22_01_6416/chain_0/all_test/run_75/cov_work/scope/test_sv-353278071:
vmanager: *I,MERGL3:       Data is projected in to the target model.
vmanager: *I,MERGL2:   /home/grads/j/jashwanth45/616/lab-10-Jashwanth2599/lab10/sim/regression/htax_regress.jashwanth45.23_12_04_20_22_01_6416/chain_0/all_test/run_76/cov_work/scope/test_sv1458655530:
vmanager: *I,MERGL3:       Data is projected in to the target model.
vmanager: *I,MERGL2:   /home/grads/j/jashwanth45/616/lab-10-Jashwanth2599/lab10/sim/regression/htax_regress.jashwanth45.23_12_04_20_22_01_6416/chain_0/all_test/run_77/cov_work/scope/test_sv-554617698:
vmanager: *I,MERGL3:       Data is projected in to the target model.
vmanager: *I,MERGL2:   /home/grads/j/jashwanth45/616/lab-10-Jashwanth2599/lab10/sim/regression/htax_regress.jashwanth45.23_12_04_20_22_01_6416/chain_0/all_test/run_78/cov_work/scope/test_sv-235858664:
vmanager: *I,MERGL3:       Data is projected in to the target model.
vmanager: *I,MERGL2:   /home/grads/j/jashwanth45/616/lab-10-Jashwanth2599/lab10/sim/regression/htax_regress.jashwanth45.23_12_04_20_22_01_6416/chain_0/all_test/run_79/cov_work/scope/test_sv-2047740209:
vmanager: *I,MERGL3:       Data is projected in to the target model.
vmanager: *I,MERGL2:   /home/grads/j/jashwanth45/616/lab-10-Jashwanth2599/lab10/sim/regression/htax_regress.jashwanth45.23_12_04_20_22_01_6416/chain_0/all_test/run_80/cov_work/scope/test_sv-302917040:
vmanager: *I,MERGL3:       Data is projected in to the target model.
vmanager: *I,MERGL2:   /home/grads/j/jashwanth45/616/lab-10-Jashwanth2599/lab10/sim/regression/htax_regress.jashwanth45.23_12_04_20_22_01_6416/chain_0/all_test/run_81/cov_work/scope/test_sv-873376554:
vmanager: *I,MERGL3:       Data is projected in to the target model.
vmanager: *I,MERGL2:   /home/grads/j/jashwanth45/616/lab-10-Jashwanth2599/lab10/sim/regression/htax_regress.jashwanth45.23_12_04_20_22_01_6416/chain_0/all_test/run_82/cov_work/scope/test_sv-1477366393:
vmanager: *I,MERGL3:       Data is projected in to the target model.
vmanager: *I,MERGL2:   /home/grads/j/jashwanth45/616/lab-10-Jashwanth2599/lab10/sim/regression/htax_regress.jashwanth45.23_12_04_20_22_01_6416/chain_0/all_test/run_83/cov_work/scope/test_sv1072823503:
vmanager: *I,MERGL3:       Data is projected in to the target model.
vmanager: *I,MERGL2:   /home/grads/j/jashwanth45/616/lab-10-Jashwanth2599/lab10/sim/regression/htax_regress.jashwanth45.23_12_04_20_22_01_6416/chain_0/all_test/run_84/cov_work/scope/test_sv-2012625594:
vmanager: *I,MERGL3:       Data is projected in to the target model.
vmanager: *I,MERGL2:   /home/grads/j/jashwanth45/616/lab-10-Jashwanth2599/lab10/sim/regression/htax_regress.jashwanth45.23_12_04_20_22_01_6416/chain_0/all_test/run_85/cov_work/scope/test_sv-1811324979:
vmanager: *I,MERGL3:       Data is projected in to the target model.
vmanager: *I,MERGL2:   /home/grads/j/jashwanth45/616/lab-10-Jashwanth2599/lab10/sim/regression/htax_regress.jashwanth45.23_12_04_20_22_01_6416/chain_0/all_test/run_86/cov_work/scope/test_sv2080973016:
vmanager: *I,MERGL3:       Data is projected in to the target model.
vmanager: *I,MERGL2:   /home/grads/j/jashwanth45/616/lab-10-Jashwanth2599/lab10/sim/regression/htax_regress.jashwanth45.23_12_04_20_22_01_6416/chain_0/all_test/run_87/cov_work/scope/test_sv1779037003:
vmanager: *I,MERGL3:       Data is projected in to the target model.
vmanager: *I,MERGL2:   /home/grads/j/jashwanth45/616/lab-10-Jashwanth2599/lab10/sim/regression/htax_regress.jashwanth45.23_12_04_20_22_01_6416/chain_0/all_test/run_88/cov_work/scope/test_sv-704003557:
vmanager: *I,MERGL3:       Data is projected in to the target model.
vmanager: *I,MERGL2:   /home/grads/j/jashwanth45/616/lab-10-Jashwanth2599/lab10/sim/regression/htax_regress.jashwanth45.23_12_04_20_22_01_6416/chain_0/all_test/run_89/cov_work/scope/test_sv2114540451:
vmanager: *I,MERGL3:       Data is projected in to the target model.
vmanager: *I,MERGL2:   /home/grads/j/jashwanth45/616/lab-10-Jashwanth2599/lab10/sim/regression/htax_regress.jashwanth45.23_12_04_20_22_01_6416/chain_0/all_test/run_90/cov_work/scope/test_sv688468408:
vmanager: *I,MERGL3:       Data is projected in to the target model.
vmanager: *I,MERGL2:   /home/grads/j/jashwanth45/616/lab-10-Jashwanth2599/lab10/sim/regression/htax_regress.jashwanth45.23_12_04_20_22_01_6416/chain_0/all_test/run_91/cov_work/scope/test_sv352912352:
vmanager: *I,MERGL3:       Data is projected in to the target model.
vmanager: *I,MERGL2:   /home/grads/j/jashwanth45/616/lab-10-Jashwanth2599/lab10/sim/regression/htax_regress.jashwanth45.23_12_04_20_22_01_6416/chain_0/all_test/run_92/cov_work/scope/test_sv-1022764007:
vmanager: *I,MERGL3:       Data is projected in to the target model.
vmanager: *I,MERGL2:   /home/grads/j/jashwanth45/616/lab-10-Jashwanth2599/lab10/sim/regression/htax_regress.jashwanth45.23_12_04_20_22_01_6416/chain_0/all_test/run_93/cov_work/scope/test_sv-1425446123:
vmanager: *I,MERGL3:       Data is projected in to the target model.
vmanager: *I,MERGL2:   /home/grads/j/jashwanth45/616/lab-10-Jashwanth2599/lab10/sim/regression/htax_regress.jashwanth45.23_12_04_20_22_01_6416/chain_0/all_test/run_94/cov_work/scope/test_sv1997094353:
vmanager: *I,MERGL3:       Data is projected in to the target model.
vmanager: *I,MERGL2:   /home/grads/j/jashwanth45/616/lab-10-Jashwanth2599/lab10/sim/regression/htax_regress.jashwanth45.23_12_04_20_22_01_6416/chain_0/all_test/run_95/cov_work/scope/test_sv1619594149:
vmanager: *I,MERGL3:       Data is projected in to the target model.
vmanager: *I,MERGL2:   /home/grads/j/jashwanth45/616/lab-10-Jashwanth2599/lab10/sim/regression/htax_regress.jashwanth45.23_12_04_20_22_01_6416/chain_0/all_test/run_96/cov_work/scope/test_sv-1735796160:
vmanager: *I,MERGL3:       Data is projected in to the target model.
vmanager: *I,MERGL2:   /home/grads/j/jashwanth45/616/lab-10-Jashwanth2599/lab10/sim/regression/htax_regress.jashwanth45.23_12_04_20_22_01_6416/chain_0/all_test/run_97/cov_work/scope/test_sv1955162886:
vmanager: *I,MERGL3:       Data is projected in to the target model.
vmanager: *I,MERGL2:   /home/grads/j/jashwanth45/616/lab-10-Jashwanth2599/lab10/sim/regression/htax_regress.jashwanth45.23_12_04_20_22_01_6416/chain_0/all_test/run_98/cov_work/scope/test_sv1653160219:
vmanager: *I,MERGL3:       Data is projected in to the target model.
vmanager: *I,MERGL2:   /home/grads/j/jashwanth45/616/lab-10-Jashwanth2599/lab10/sim/regression/htax_regress.jashwanth45.23_12_04_20_22_01_6416/chain_0/all_test/run_99/cov_work/scope/test_sv-1165424712:
vmanager: *I,MERGL3:       Data is projected in to the target model.
vmanager: *I,MERGL2:   /home/grads/j/jashwanth45/616/lab-10-Jashwanth2599/lab10/sim/regression/htax_regress.jashwanth45.23_12_04_20_22_01_6416/chain_0/all_test/run_100/cov_work/scope/test_sv243923010:
vmanager: *I,MERGL3:       Data is projected in to the target model.
vmanager: *I,MERGL2:   /home/grads/j/jashwanth45/616/lab-10-Jashwanth2599/lab10/sim/regression/htax_regress.jashwanth45.23_12_04_20_22_01_6416/chain_0/all_test/run_101/cov_work/scope/test_sv-1047930201:
vmanager: *I,MERGL3:       Data is projected in to the target model.
vmanager: *I,MERGL2:   /home/grads/j/jashwanth45/616/lab-10-Jashwanth2599/lab10/sim/regression/htax_regress.jashwanth45.23_12_04_20_22_01_6416/chain_0/all_test/run_102/cov_work/scope/test_sv-1719049534:
vmanager: *I,MERGL3:       Data is projected in to the target model.
vmanager: *I,MERGL2:   /home/grads/j/jashwanth45/616/lab-10-Jashwanth2599/lab10/sim/regression/htax_regress.jashwanth45.23_12_04_20_22_01_6416/chain_0/all_test/run_103/cov_work/scope/test_sv-712424294:
vmanager: *I,MERGL3:       Data is projected in to the target model.
vmanager: *I,MERGL2:   /home/grads/j/jashwanth45/616/lab-10-Jashwanth2599/lab10/sim/regression/htax_regress.jashwanth45.23_12_04_20_22_01_6416/chain_0/all_test/run_104/cov_work/scope/test_sv2106145887:
vmanager: *I,MERGL3:       Data is projected in to the target model.
vmanager: *I,MERGL2:   /home/grads/j/jashwanth45/616/lab-10-Jashwanth2599/lab10/sim/regression/htax_regress.jashwanth45.23_12_04_20_22_01_6416/chain_0/all_test/run_105/cov_work/scope/test_sv-1417080506:
vmanager: *I,MERGL3:       Data is projected in to the target model.
vmanager: *I,MERGL2:   /home/grads/j/jashwanth45/616/lab-10-Jashwanth2599/lab10/sim/regression/htax_regress.jashwanth45.23_12_04_20_22_01_6416/chain_0/all_test/run_106/cov_work/scope/test_sv-410386468:
vmanager: *I,MERGL3:       Data is projected in to the target model.
vmanager: *I,MERGL2:   /home/grads/j/jashwanth45/616/lab-10-Jashwanth2599/lab10/sim/regression/htax_regress.jashwanth45.23_12_04_20_22_01_6416/chain_0/all_test/run_107/cov_work/scope/test_sv529126009:
vmanager: *I,MERGL3:       Data is projected in to the target model.
vmanager: *I,MERGL2:   /home/grads/j/jashwanth45/616/lab-10-Jashwanth2599/lab10/sim/regression/htax_regress.jashwanth45.23_12_04_20_22_01_6416/chain_0/all_test/run_108/cov_work/scope/test_sv810120287:
vmanager: *I,MERGL3:       Data is projected in to the target model.
vmanager: *I,MERGL2:   /home/grads/j/jashwanth45/616/lab-10-Jashwanth2599/lab10/sim/regression/htax_regress.jashwanth45.23_12_04_20_22_01_6416/chain_0/all_test/run_109/cov_work/scope/test_sv944335626:
vmanager: *I,MERGL3:       Data is projected in to the target model.
vmanager: *I,MERGL2:   /home/grads/j/jashwanth45/616/lab-10-Jashwanth2599/lab10/sim/regression/htax_regress.jashwanth45.23_12_04_20_22_01_6416/chain_0/all_test/run_110/cov_work/scope/test_sv206124862:
vmanager: *I,MERGL3:       Data is projected in to the target model.
vmanager: *I,MERGL2:   /home/grads/j/jashwanth45/616/lab-10-Jashwanth2599/lab10/sim/regression/htax_regress.jashwanth45.23_12_04_20_22_01_6416/chain_0/all_test/run_111/cov_work/scope/test_sv1112091834:
vmanager: *I,MERGL3:       Data is projected in to the target model.
vmanager: *I,MERGL2:   /home/grads/j/jashwanth45/616/lab-10-Jashwanth2599/lab10/sim/regression/htax_regress.jashwanth45.23_12_04_20_22_01_6416/chain_0/all_test/run_112/cov_work/scope/test_sv440995384:
vmanager: *I,MERGL3:       Data is projected in to the target model.
vmanager: *I,MERGL2:   /home/grads/j/jashwanth45/616/lab-10-Jashwanth2599/lab10/sim/regression/htax_regress.jashwanth45.23_12_04_20_22_01_6416/chain_0/all_test/run_113/cov_work/scope/test_sv-699799715:
vmanager: *I,MERGL3:       Data is projected in to the target model.
vmanager: *I,MERGL2:   /home/grads/j/jashwanth45/616/lab-10-Jashwanth2599/lab10/sim/regression/htax_regress.jashwanth45.23_12_04_20_22_01_6416/chain_0/all_test/run_114/cov_work/scope/test_sv-28720622:
vmanager: *I,MERGL3:       Data is projected in to the target model.
vmanager: *I,MERGL2:   /home/grads/j/jashwanth45/616/lab-10-Jashwanth2599/lab10/sim/regression/htax_regress.jashwanth45.23_12_04_20_22_01_6416/chain_0/all_test/run_115/cov_work/scope/test_sv692675404:
vmanager: *I,MERGL3:       Data is projected in to the target model.
vmanager: *I,MERGL2:   /home/grads/j/jashwanth45/616/lab-10-Jashwanth2599/lab10/sim/regression/htax_regress.jashwanth45.23_12_04_20_22_01_6416/chain_0/all_test/run_116/cov_work/scope/test_sv-1253489975:
vmanager: *I,MERGL3:       Data is projected in to the target model.
vmanager: *I,MERGL2:   /home/grads/j/jashwanth45/616/lab-10-Jashwanth2599/lab10/sim/regression/htax_regress.jashwanth45.23_12_04_20_22_01_6416/chain_0/all_test/run_117/cov_work/scope/test_sv-2092356395:
vmanager: *I,MERGL3:       Data is projected in to the target model.
vmanager: *I,MERGL2:   /home/grads/j/jashwanth45/616/lab-10-Jashwanth2599/lab10/sim/regression/htax_regress.jashwanth45.23_12_04_20_22_01_6416/chain_0/all_test/run_118/cov_work/scope/test_sv-1958148265:
vmanager: *I,MERGL3:       Data is projected in to the target model.
vmanager: *I,MERGL2:   /home/grads/j/jashwanth45/616/lab-10-Jashwanth2599/lab10/sim/regression/htax_regress.jashwanth45.23_12_04_20_22_01_6416/chain_0/all_test/run_119/cov_work/scope/test_sv659159935:
vmanager: *I,MERGL3:       Data is projected in to the target model.
vmanager: *I,MERGL2:   /home/grads/j/jashwanth45/616/lab-10-Jashwanth2599/lab10/sim/regression/htax_regress.jashwanth45.23_12_04_20_22_01_6416/chain_0/all_test/run_120/cov_work/scope/test_sv524933208:
vmanager: *I,MERGL3:       Data is projected in to the target model.
vmanager: *I,MERGL2:   /home/grads/j/jashwanth45/616/lab-10-Jashwanth2599/lab10/sim/regression/htax_regress.jashwanth45.23_12_04_20_22_01_6416/chain_0/all_test/run_121/cov_work/scope/test_sv281633405:
vmanager: *I,MERGL3:       Data is projected in to the target model.
vmanager: *I,MERGL2:   /home/grads/j/jashwanth45/616/lab-10-Jashwanth2599/lab10/sim/regression/htax_regress.jashwanth45.23_12_04_20_22_01_6416/chain_0/all_test/run_122/cov_work/scope/test_sv952715920:
vmanager: *I,MERGL3:       Data is projected in to the target model.
vmanager: *I,MERGL2:   /home/grads/j/jashwanth45/616/lab-10-Jashwanth2599/lab10/sim/regression/htax_regress.jashwanth45.23_12_04_20_22_01_6416/chain_0/all_test/run_123/cov_work/scope/test_sv-188147965:
vmanager: *I,MERGL3:       Data is projected in to the target model.
vmanager: *I,MERGL2:   /home/grads/j/jashwanth45/616/lab-10-Jashwanth2599/lab10/sim/regression/htax_regress.jashwanth45.23_12_04_20_22_01_6416/chain_0/all_test/run_124/cov_work/scope/test_sv-1563821312:
vmanager: *I,MERGL3:       Data is projected in to the target model.
vmanager: *I,MERGL2:   /home/grads/j/jashwanth45/616/lab-10-Jashwanth2599/lab10/sim/regression/htax_regress.jashwanth45.23_12_04_20_22_01_6416/chain_0/all_test/run_125/cov_work/scope/test_sv1791610483:
vmanager: *I,MERGL3:       Data is projected in to the target model.
vmanager: *I,MERGL2:   /home/grads/j/jashwanth45/616/lab-10-Jashwanth2599/lab10/sim/regression/htax_regress.jashwanth45.23_12_04_20_22_01_6416/chain_0/all_test/run_126/cov_work/scope/test_sv1456034546:
vmanager: *I,MERGL3:       Data is projected in to the target model.
vmanager: *I,MERGL2:   /home/grads/j/jashwanth45/616/lab-10-Jashwanth2599/lab10/sim/regression/htax_regress.jashwanth45.23_12_04_20_22_01_6416/chain_0/all_test/run_127/cov_work/scope/test_sv1053372621:
vmanager: *I,MERGL3:       Data is projected in to the target model.
vmanager: *I,MERGL2:   /home/grads/j/jashwanth45/616/lab-10-Jashwanth2599/lab10/sim/regression/htax_regress.jashwanth45.23_12_04_20_22_01_6416/chain_0/all_test/run_128/cov_work/scope/test_sv-238483894:
vmanager: *I,MERGL3:       Data is projected in to the target model.
vmanager: *I,MERGL2:   /home/grads/j/jashwanth45/616/lab-10-Jashwanth2599/lab10/sim/regression/htax_regress.jashwanth45.23_12_04_20_22_01_6416/chain_0/all_test/run_129/cov_work/scope/test_sv97118860:
vmanager: *I,MERGL3:       Data is projected in to the target model.
vmanager: *I,MERGL2:   /home/grads/j/jashwanth45/616/lab-10-Jashwanth2599/lab10/sim/regression/htax_regress.jashwanth45.23_12_04_20_22_01_6416/chain_0/all_test/run_130/cov_work/scope/test_sv-1916174354:
vmanager: *I,MERGL3:       Data is projected in to the target model.
vmanager: *I,MERGL2:   /home/grads/j/jashwanth45/616/lab-10-Jashwanth2599/lab10/sim/regression/htax_regress.jashwanth45.23_12_04_20_22_01_6416/chain_0/all_test/run_131/cov_work/scope/test_sv-1815525403:
vmanager: *I,MERGL3:       Data is projected in to the target model.
vmanager: *I,MERGL2:   /home/grads/j/jashwanth45/616/lab-10-Jashwanth2599/lab10/sim/regression/htax_regress.jashwanth45.23_12_04_20_22_01_6416/chain_0/all_test/run_132/cov_work/scope/test_sv-607579524:
vmanager: *I,MERGL3:       Data is projected in to the target model.
vmanager: *I,MERGL2:   /home/grads/j/jashwanth45/616/lab-10-Jashwanth2599/lab10/sim/regression/htax_regress.jashwanth45.23_12_04_20_22_01_6416/chain_0/all_test/run_133/cov_work/scope/test_sv2009720366:
vmanager: *I,MERGL3:       Data is projected in to the target model.
vmanager: *I,MERGL2:   /home/grads/j/jashwanth45/616/lab-10-Jashwanth2599/lab10/sim/regression/htax_regress.jashwanth45.23_12_04_20_22_01_6416/chain_0/all_test/run_134/cov_work/scope/test_sv-1077296264:
vmanager: *I,MERGL3:       Data is projected in to the target model.
vmanager: *I,MERGL2:   /home/grads/j/jashwanth45/616/lab-10-Jashwanth2599/lab10/sim/regression/htax_regress.jashwanth45.23_12_04_20_22_01_6416/chain_0/all_test/run_135/cov_work/scope/test_sv136925481:
vmanager: *I,MERGL3:       Data is projected in to the target model.
vmanager: *I,MERGL2:   /home/grads/j/jashwanth45/616/lab-10-Jashwanth2599/lab10/sim/regression/htax_regress.jashwanth45.23_12_04_20_22_01_6416/chain_0/all_test/run_136/cov_work/scope/test_sv-2077671593:
vmanager: *I,MERGL3:       Data is projected in to the target model.
vmanager: *I,MERGL2:   /home/grads/j/jashwanth45/616/lab-10-Jashwanth2599/lab10/sim/regression/htax_regress.jashwanth45.23_12_04_20_22_01_6416/chain_0/all_test/run_137/cov_work/scope/test_sv204015576:
vmanager: *I,MERGL3:       Data is projected in to the target model.
vmanager: *I,MERGL2:   /home/grads/j/jashwanth45/616/lab-10-Jashwanth2599/lab10/sim/regression/htax_regress.jashwanth45.23_12_04_20_22_01_6416/chain_0/all_test/run_138/cov_work/scope/test_sv36301181:
vmanager: *I,MERGL3:       Data is projected in to the target model.
vmanager: *I,MERGL2:   /home/grads/j/jashwanth45/616/lab-10-Jashwanth2599/lab10/sim/regression/htax_regress.jashwanth45.23_12_04_20_22_01_6416/chain_0/all_test/run_139/cov_work/scope/test_sv-1976992479:
vmanager: *I,MERGL3:       Data is projected in to the target model.
vmanager: *I,MERGL2:   /home/grads/j/jashwanth45/616/lab-10-Jashwanth2599/lab10/sim/regression/htax_regress.jashwanth45.23_12_04_20_22_01_6416/chain_0/all_test/run_140/cov_work/scope/test_sv-97958041:
vmanager: *I,MERGL3:       Data is projected in to the target model.
vmanager: *I,MERGL2:   /home/grads/j/jashwanth45/616/lab-10-Jashwanth2599/lab10/sim/regression/htax_regress.jashwanth45.23_12_04_20_22_01_6416/chain_0/all_test/run_141/cov_work/scope/test_sv-836169679:
vmanager: *I,MERGL3:       Data is projected in to the target model.
vmanager: *I,MERGL2:   /home/grads/j/jashwanth45/616/lab-10-Jashwanth2599/lab10/sim/regression/htax_regress.jashwanth45.23_12_04_20_22_01_6416/chain_0/all_test/run_142/cov_work/scope/test_sv556393787:
vmanager: *I,MERGL3:       Data is projected in to the target model.
vmanager: *I,MERGL2:   /home/grads/j/jashwanth45/616/lab-10-Jashwanth2599/lab10/sim/regression/htax_regress.jashwanth45.23_12_04_20_22_01_6416/chain_0/all_test/run_143/cov_work/scope/test_sv690583887:
vmanager: *I,MERGL3:       Data is projected in to the target model.
vmanager: *I,MERGL2:   /home/grads/j/jashwanth45/616/lab-10-Jashwanth2599/lab10/sim/regression/htax_regress.jashwanth45.23_12_04_20_22_01_6416/chain_0/all_test/run_144/cov_work/scope/test_sv623458022:
vmanager: *I,MERGL3:       Data is projected in to the target model.
vmanager: *I,MERGL2:   /home/grads/j/jashwanth45/616/lab-10-Jashwanth2599/lab10/sim/regression/htax_regress.jashwanth45.23_12_04_20_22_01_6416/chain_0/all_test/run_145/cov_work/scope/test_sv-1389820769:
vmanager: *I,MERGL3:       Data is projected in to the target model.
vmanager: *I,MERGL2:   /home/grads/j/jashwanth45/616/lab-10-Jashwanth2599/lab10/sim/regression/htax_regress.jashwanth45.23_12_04_20_22_01_6416/chain_0/all_test/run_146/cov_work/scope/test_sv-1825973015:
vmanager: *I,MERGL3:       Data is projected in to the target model.
vmanager: *I,MERGL2:   /home/grads/j/jashwanth45/616/lab-10-Jashwanth2599/lab10/sim/regression/htax_regress.jashwanth45.23_12_04_20_22_01_6416/chain_0/all_test/run_147/cov_work/scope/test_sv-1691785026:
vmanager: *I,MERGL3:       Data is projected in to the target model.
vmanager: *I,MERGL2:   /home/grads/j/jashwanth45/616/lab-10-Jashwanth2599/lab10/sim/regression/htax_regress.jashwanth45.23_12_04_20_22_01_6416/chain_0/all_test/run_148/cov_work/scope/test_sv1462315200:
vmanager: *I,MERGL3:       Data is projected in to the target model.
vmanager: *I,MERGL2:   /home/grads/j/jashwanth45/616/lab-10-Jashwanth2599/lab10/sim/regression/htax_regress.jashwanth45.23_12_04_20_22_01_6416/chain_0/all_test/run_149/cov_work/scope/test_sv522839323:
vmanager: *I,MERGL3:       Data is projected in to the target model.
vmanager: *I,MERGL2:   /home/grads/j/jashwanth45/616/lab-10-Jashwanth2599/lab10/sim/regression/htax_regress.jashwanth45.23_12_04_20_22_01_6416/chain_0/all_test/run_150/cov_work/scope/test_sv1084868887:
vmanager: *I,MERGL3:       Data is projected in to the target model.
vmanager: *I,MERGL2:   /home/grads/j/jashwanth45/616/lab-10-Jashwanth2599/lab10/sim/regression/htax_regress.jashwanth45.23_12_04_20_22_01_6416/chain_0/all_test/run_151/cov_work/scope/test_sv1473857251:
vmanager: *I,MERGL3:       Data is projected in to the target model.
vmanager: *I,MERGL2:   /home/grads/j/jashwanth45/616/lab-10-Jashwanth2599/lab10/sim/regression/htax_regress.jashwanth45.23_12_04_20_22_01_6416/chain_0/all_test/run_152/cov_work/scope/test_sv2144946724:
vmanager: *I,MERGL3:       Data is projected in to the target model.
vmanager: *I,MERGL2:   /home/grads/j/jashwanth45/616/lab-10-Jashwanth2599/lab10/sim/regression/htax_regress.jashwanth45.23_12_04_20_22_01_6416/chain_0/all_test/run_153/cov_work/scope/test_sv1211757321:
vmanager: *I,MERGL3:       Data is projected in to the target model.
vmanager: *I,MERGL2:   /home/grads/j/jashwanth45/616/lab-10-Jashwanth2599/lab10/sim/regression/htax_regress.jashwanth45.23_12_04_20_22_01_6416/chain_0/all_test/run_154/cov_work/scope/test_sv2017031193:
vmanager: *I,MERGL3:       Data is projected in to the target model.
vmanager: *I,MERGL2:   /home/grads/j/jashwanth45/616/lab-10-Jashwanth2599/lab10/sim/regression/htax_regress.jashwanth45.23_12_04_20_22_01_6416/chain_0/all_test/run_155/cov_work/scope/test_sv1949909176:
vmanager: *I,MERGL3:       Data is projected in to the target model.
vmanager: *I,MERGL2:   /home/grads/j/jashwanth45/616/lab-10-Jashwanth2599/lab10/sim/regression/htax_regress.jashwanth45.23_12_04_20_22_01_6416/chain_0/all_test/run_156/cov_work/scope/test_sv-63365179:
vmanager: *I,MERGL3:       Data is projected in to the target model.
vmanager: *I,MERGL2:   /home/grads/j/jashwanth45/616/lab-10-Jashwanth2599/lab10/sim/regression/htax_regress.jashwanth45.23_12_04_20_22_01_6416/chain_0/all_test/run_157/cov_work/scope/test_sv-1304827445:
vmanager: *I,MERGL3:       Data is projected in to the target model.
vmanager: *I,MERGL2:   /home/grads/j/jashwanth45/616/lab-10-Jashwanth2599/lab10/sim/regression/htax_regress.jashwanth45.23_12_04_20_22_01_6416/chain_0/all_test/run_158/cov_work/scope/test_sv104425019:
vmanager: *I,MERGL3:       Data is projected in to the target model.
vmanager: *I,MERGL2:   /home/grads/j/jashwanth45/616/lab-10-Jashwanth2599/lab10/sim/regression/htax_regress.jashwanth45.23_12_04_20_22_01_6416/chain_0/all_test/run_159/cov_work/scope/test_sv-1908847078:
vmanager: *I,MERGL3:       Data is projected in to the target model.
vmanager: *I,MERGL2:   /home/grads/j/jashwanth45/616/lab-10-Jashwanth2599/lab10/sim/regression/htax_regress.jashwanth45.23_12_04_20_22_01_6416/chain_0/all_test/run_160/cov_work/scope/test_sv-2126960327:
vmanager: *I,MERGL3:       Data is projected in to the target model.
vmanager: *I,MERGL2:   /home/grads/j/jashwanth45/616/lab-10-Jashwanth2599/lab10/sim/regression/htax_regress.jashwanth45.23_12_04_20_22_01_6416/chain_0/all_test/run_161/cov_work/scope/test_sv79294546:
vmanager: *I,MERGL3:       Data is projected in to the target model.
vmanager: *I,MERGL1: Projecting data into the target model ...
vmanager: *I,MERGL2:   /home/grads/j/jashwanth45/616/lab-10-Jashwanth2599/lab10/sim/regression/htax_regress.jashwanth45.23_12_04_20_22_01_6416/chain_0/all_test/run_57/cov_work/scope/test_sv1483803751:
vmanager: *I,MERGL3:       Data is projected in to the target model.
vmanager: *I,MERGL1: Writing icc model to /home/grads/j/jashwanth45/616/lab-10-Jashwanth2599/lab10/sim/regression/htax_regress.jashwanth45.23_12_04_20_22_01_6416/merged_ucds/default/1701748102538/icc_4e8e3c4e_1908ec17.ucm(merged)
vmanager: *I,MERGL1: Writing icc data to /home/grads/j/jashwanth45/616/lab-10-Jashwanth2599/lab10/sim/regression/htax_regress.jashwanth45.23_12_04_20_22_01_6416/merged_ucds/default/1701748102538/merged_tests/icc_4e8e3c4e_1908ec17.ucd(merged)
vmanager: *I,coverage.merge_op_done_no_warns: Merge operation (session runs merge) is done without any conflicts.
